[0mGET / [32m200 [0m2247.461 ms - 9394[0m
[0mGET / [32m200 [0m18.275 ms - 9394[0m
[0mGET / [32m200 [0m26.499 ms - 4287[0m
[0mGET /favicon.ico [33m404 [0m6.486 ms - 150[0m
[0mGET / [36m304 [0m12.008 ms - -[0m
[0mGET /users/sign-up [32m200 [0m12.355 ms - 4301[0m
[0mGET /users/css/layout.css [33m404 [0m3.385 ms - 159[0m
[0mGET /users/sign-in [32m200 [0m4.130 ms - 3975[0m
[0mGET /users/css/layout.css [33m404 [0m5.270 ms - 159[0m
[0mGET /users/sign-up [36m304 [0m5.707 ms - -[0m
[0mGET /users/css/layout.css [33m404 [0m6.402 ms - 159[0m
[0mGET /users/sign-up [32m200 [0m13.853 ms - 4453[0m
[0mGET /users/css/layout.css [33m404 [0m2.605 ms - 159[0m
[0mGET /users/sign-up [36m304 [0m20.059 ms - -[0m
[0mGET /users/css/layout.css [33m404 [0m7.328 ms - 159[0m
[0mGET /users/css/layout.css [33m404 [0m1.930 ms - 159[0m
[0mGET /users/sign-up [36m304 [0m4.813 ms - -[0m
[0mGET /users/css/layout.css [33m404 [0m4.870 ms - 159[0m
[0mGET /users/sign-up [32m200 [0m7.087 ms - 4300[0m
[0mGET /users/css/layout.css [33m404 [0m6.582 ms - 159[0m
[0mGET /users/sign-up [32m200 [0m18.551 ms - 4352[0m
[0mGET /users/css/layout.css [33m404 [0m5.398 ms - 159[0m
[0mGET /users/css/signup.css [33m404 [0m7.327 ms - 159[0m
[0mGET /users/sign-up [36m304 [0m11.239 ms - -[0m
[0mGET /users/css/layout.css [33m404 [0m4.945 ms - 159[0m
[0mGET /users/css/signup.css [33m404 [0m4.976 ms - 159[0m
[0mGET /users/sign-up [36m304 [0m11.535 ms - -[0m
[0mGET /users/css/layout.css [33m404 [0m5.415 ms - 159[0m
[0mGET /users/css/signup.css [33m404 [0m7.354 ms - 159[0m
[0mGET /users/sign-up [36m304 [0m19.556 ms - -[0m
[0mGET /users/css/signup.css [33m404 [0m7.967 ms - 159[0m
[0mGET /users/css/layout.css [33m404 [0m7.609 ms - 159[0m
[0mGET /users/sign-up [32m200 [0m29.358 ms - 4353[0m
[0mGET /users/css/layout.css [33m404 [0m7.599 ms - 159[0m
[0mGET /users/css/signup.css [33m404 [0m10.930 ms - 159[0m
[0mGET /users/sign-up [36m304 [0m24.300 ms - -[0m
[0mGET /users/css/layout.css [33m404 [0m10.024 ms - 159[0m
[0mGET /users/css/signup.css [33m404 [0m17.308 ms - 159[0m
[0mGET /users/css/layout.css [33m404 [0m3.176 ms - 159[0m
[0mGET /users/css/signup.css [33m404 [0m2.410 ms - 159[0m
[0mGET /users/sign-up [32m200 [0m11.790 ms - 4349[0m
[0mGET /users/css/layout.css [33m404 [0m7.350 ms - 159[0m
[0mGET /users/css/signup.css [33m404 [0m7.676 ms - 159[0m
[0mGET /users/css/layout.css [33m404 [0m4.227 ms - 159[0m
[0mGET /users/css/signup.css [33m404 [0m2.745 ms - 159[0m
[0mGET /users/sign-up [32m200 [0m11.545 ms - 4353[0m
[0mGET /users/css/layout.css [33m404 [0m3.573 ms - 159[0m
[0mGET /users/css/signup.css [33m404 [0m3.285 ms - 159[0m
[0mGET /users/css/layout.css [33m404 [0m4.054 ms - 159[0m
[0mGET /users/css/signup.css [33m404 [0m6.003 ms - 159[0m
[0mPOST /users/create [36m302 [0m23.978 ms - 72[0m
[0mGET /users/sign-in [36m304 [0m4.154 ms - -[0m
[0mGET /users/css/layout.css [33m404 [0m3.733 ms - 159[0m
[0mGET /users/css/layout.css [33m404 [0m4.867 ms - 159[0m
[0mPOST /users/create-session [36m302 [0m15.357 ms - 46[0m
[0mGET / [32m200 [0m15.868 ms - 5276[0m
[0mPOST /posts/create [32m200 [0m99.890 ms - 273[0m
[0mGET /likes/toggle/?id=%3C%=post._id%%3E&type=Post [33m404 [0m4.239 ms - 152[0m
[0mGET /users/sign-out [36m302 [0m4.431 ms - 46[0m
[0mGET / [32m200 [0m18.116 ms - 5715[0m
[0mGET /users/profile/5e39888f8802ed13e1d6afc4 [36m302 [0m1.891 ms - 72[0m
[0mGET /users/sign-in [36m304 [0m4.294 ms - -[0m
[0mGET /users/css/layout.css [33m404 [0m3.469 ms - 159[0m
[0mGET /users/sign-up [36m304 [0m4.499 ms - -[0m
[0mGET /users/css/signup.css [33m404 [0m5.548 ms - 159[0m
[0mGET /users/css/layout.css [33m404 [0m9.414 ms - 159[0m
[0mGET /users/sign-up [36m304 [0m20.401 ms - -[0m
[0mGET /users/css/layout.css [33m404 [0m4.437 ms - 159[0m
[0mGET /users/css/signup.css [33m404 [0m13.721 ms - 159[0m
[0mGET /users/sign-up [36m304 [0m10.890 ms - -[0m
[0mGET /users/css/layout.css [33m404 [0m9.650 ms - 159[0m
[0mGET /users/css/signup.css [33m404 [0m7.847 ms - 159[0m
[0mGET /users/sign-up [32m200 [0m29.257 ms - 4356[0m
[0mGET /users/css/layout.css [33m404 [0m8.036 ms - 159[0m
[0mGET /users/css/signup.css [33m404 [0m15.456 ms - 159[0m
[0mGET /users/sign-up [36m304 [0m22.220 ms - -[0m
[0mGET /users/css/layout.css [33m404 [0m6.792 ms - 159[0m
[0mGET /users/css/signup.css [33m404 [0m11.973 ms - 159[0m
[0mGET /users/sign-up [36m304 [0m9.816 ms - -[0m
[0mGET /users/css/layout.css [33m404 [0m2.992 ms - 159[0m
[0mGET /users/css/signup.css [33m404 [0m4.115 ms - 159[0m
[0mGET /users/sign-up [32m200 [0m20.626 ms - 4567[0m
[0mGET /users/css/layout.css [33m404 [0m10.802 ms - 159[0m
[0mGET /users/css/signup.css [33m404 [0m14.076 ms - 159[0m
[0mGET /users/sign-up [32m200 [0m20.030 ms - 4571[0m
[0mGET /users/css/layout.css [33m404 [0m9.217 ms - 159[0m
[0mGET /users/css/signup.css [33m404 [0m11.048 ms - 159[0m
[0mGET /users/css/layout.css [33m404 [0m7.228 ms - 159[0m
[0mGET /users/css/signup.css [33m404 [0m3.775 ms - 159[0m
[0mGET /users/sign-up [36m304 [0m6.951 ms - -[0m
[0mGET /users/css/layout.css [33m404 [0m3.796 ms - 159[0m
[0mGET /users/css/signup.css [33m404 [0m9.511 ms - 159[0m
[0mGET / [32m200 [0m42.812 ms - 5788[0m
[0mGET /users/sign-up [32m200 [0m19.657 ms - 4572[0m
[0mGET /users/css/layout.css [33m404 [0m7.445 ms - 159[0m
[0mGET /users/css/signup.css [33m404 [0m14.060 ms - 159[0m
[0mGET /users/sign-up [32m200 [0m14.320 ms - 4685[0m
[0mGET /users/css/layout.css [33m404 [0m2.982 ms - 159[0m
[0mGET /users/css/signup.css [33m404 [0m6.124 ms - 159[0m
[0mGET /users/sign-up [32m200 [0m14.417 ms - 4685[0m
[0mGET /users/css/layout.css [33m404 [0m8.002 ms - 159[0m
[0mGET /users/css/signup.css [33m404 [0m7.117 ms - 159[0m
[0mGET /users/sign-up [32m200 [0m13.526 ms - 4685[0m
[0mGET /users/css/layout.css [33m404 [0m3.340 ms - 159[0m
[0mGET /users/css/signup.css [33m404 [0m5.970 ms - 159[0m
[0mGET /users/sign-up [32m200 [0m6.798 ms - 4685[0m
[0mGET /users/css/signup.css [33m404 [0m5.851 ms - 159[0m
[0mGET /users/css/layout.css [33m404 [0m4.368 ms - 159[0m
[0mGET /users/sign-up [32m200 [0m8.907 ms - 4685[0m
[0mGET /users/css/layout.css [33m404 [0m5.585 ms - 159[0m
[0mGET /users/css/signup.css [33m404 [0m7.980 ms - 159[0m
[0mGET /users/sign-up [32m200 [0m5.476 ms - 4685[0m
[0mGET /users/css/layout.css [33m404 [0m8.235 ms - 159[0m
[0mGET /users/css/signup.css [33m404 [0m5.366 ms - 159[0m
[0mGET /users/sign-up [32m200 [0m8.900 ms - 4685[0m
[0mGET /users/css/layout.css [33m404 [0m8.092 ms - 159[0m
[0mGET /users/css/signup.css [33m404 [0m4.129 ms - 159[0m
[0mGET /users/sign-in [32m200 [0m10.977 ms - 4304[0m
[0mGET /users/css/layout.css [33m404 [0m5.159 ms - 159[0m
[0mGET /users/sign-in [32m200 [0m13.243 ms - 4309[0m
[0mGET /users/css/layout.css [33m404 [0m2.140 ms - 159[0m
[0mGET /users/sign-in [32m200 [0m9.597 ms - 4315[0m
[0mGET /users/css/layout.css [33m404 [0m5.428 ms - 159[0m
[0mGET /users/sign-in [32m200 [0m6.612 ms - 4322[0m
[0mGET /users/css/layout.css [33m404 [0m4.778 ms - 159[0m
[0mGET /users/sign-in [32m200 [0m11.224 ms - 4322[0m
[0mGET /users/css/layout.css [33m404 [0m2.879 ms - 159[0m
[0mGET /users/sign-in [36m304 [0m6.799 ms - -[0m
[0mGET /users/css/layout.css [33m404 [0m4.367 ms - 159[0m
[0mGET /users/sign-in [36m304 [0m6.815 ms - -[0m
[0mGET /users/css/layout.css [33m404 [0m2.258 ms - 159[0m
[0mGET /users/sign-in [32m200 [0m5.684 ms - 4322[0m
[0mGET /users/css/layout.css [33m404 [0m1.967 ms - 159[0m
[0mGET /users/sign-up [32m200 [0m11.054 ms - 4703[0m
[0mGET /users/css/layout.css [33m404 [0m3.995 ms - 159[0m
[0mGET /users/css/signup.css [33m404 [0m3.273 ms - 159[0m
[0mGET /users/sign-in [36m304 [0m6.716 ms - -[0m
[0mGET /users/css/layout.css [33m404 [0m2.825 ms - 159[0m
[0mGET / [32m200 [0m26.086 ms - 5919[0m
[0mGET /users/sign-up [36m304 [0m9.720 ms - -[0m
[0mGET /users/css/layout.css [33m404 [0m3.850 ms - 159[0m
[0mGET /users/css/signup.css [33m404 [0m6.029 ms - 159[0m
[0mGET /users/sign-in [36m304 [0m3.384 ms - -[0m
[0mGET /users/css/layout.css [33m404 [0m2.122 ms - 159[0m
[0mPOST /users/create-session [36m302 [0m10.756 ms - 46[0m
[0mGET / [32m200 [0m20.850 ms - 7519[0m
[0mGET / [32m200 [0m22.481 ms - 7414[0m
[0mGET / [32m200 [0m28.027 ms - 7375[0m
[0mGET / [32m200 [0m21.804 ms - 7648[0m
[0mGET /posts/delete/5e3988f98802ed13e1d6afc5 [36m302 [0m26.514 ms - 88[0m
[0mGET / [32m200 [0m9.719 ms - 5920[0m
[0mGET / [32m200 [0m11.791 ms - 5752[0m
[0mGET / [36m304 [0m17.583 ms - -[0m
[0mGET / [36m304 [0m13.785 ms - -[0m
[0mGET / [36m304 [0m14.571 ms - -[0m
[0mGET / [36m304 [0m20.329 ms - -[0m
[0mGET / [32m200 [0m7.959 ms - 5557[0m
[0mGET / [32m200 [0m14.425 ms - 5581[0m
[0mGET / [36m304 [0m11.418 ms - -[0m
[0mGET / [36m304 [0m14.096 ms - -[0m
[0mGET / [36m304 [0m19.308 ms - -[0m
[0mGET / [36m304 [0m20.075 ms - -[0m
[0mGET / [36m304 [0m10.573 ms - -[0m
[0mGET / [36m304 [0m13.519 ms - -[0m
[0mGET / [36m304 [0m9.606 ms - -[0m
[0mGET / [36m304 [0m14.387 ms - -[0m
[0mGET / [36m304 [0m15.859 ms - -[0m
[0mGET / [32m200 [0m13.256 ms - 5563[0m
[0mGET / [32m200 [0m8.398 ms - 5581[0m
[0mGET / [36m304 [0m16.026 ms - -[0m
[0mGET / [36m304 [0m12.987 ms - -[0m
[0mGET / [32m200 [0m16.106 ms - 5581[0m
[0mGET / [36m304 [0m9.845 ms - -[0m
[0mGET / [36m304 [0m8.419 ms - -[0m
[0mGET / [36m304 [0m15.139 ms - -[0m
[0mGET / [36m304 [0m15.806 ms - -[0m
[0mGET / [36m304 [0m10.509 ms - -[0m
[0mGET / [36m304 [0m20.056 ms - -[0m
[0mGET / [36m304 [0m16.947 ms - -[0m
[0mGET / [36m304 [0m23.492 ms - -[0m
[0mGET / [36m304 [0m17.151 ms - -[0m
[0mGET / [36m304 [0m20.201 ms - -[0m
[0mGET / [36m304 [0m16.416 ms - -[0m
[0mGET / [32m200 [0m12.672 ms - 5578[0m
