::1 - - [19/Jan/2020:10:35:07 +0000] "GET / HTTP/1.1" 200 1791 "-" "Mozilla/5.0 (Windows NT 10.0; Win64; x64) AppleWebKit/537.36 (KHTML, like Gecko) Chrome/79.0.3945.117 Safari/537.36"
::1 - - [19/Jan/2020:10:35:08 +0000] "GET / HTTP/1.1" 304 - "-" "Mozilla/5.0 (Windows NT 10.0; Win64; x64) AppleWebKit/537.36 (KHTML, like Gecko) Chrome/79.0.3945.117 Safari/537.36"
::1 - - [19/Jan/2020:10:43:16 +0000] "GET / HTTP/1.1" 304 - "-" "Mozilla/5.0 (Windows NT 10.0; Win64; x64) AppleWebKit/537.36 (KHTML, like Gecko) Chrome/79.0.3945.117 Safari/537.36"
::1 - - [19/Jan/2020:10:43:16 +0000] "GET /css/layout.css HTTP/1.1" 404 153 "http://localhost:8000/" "Mozilla/5.0 (Windows NT 10.0; Win64; x64) AppleWebKit/537.36 (KHTML, like Gecko) Chrome/79.0.3945.117 Safari/537.36"
::1 - - [19/Jan/2020:10:43:18 +0000] "GET /css/home.css HTTP/1.1" 404 151 "http://localhost:8000/" "Mozilla/5.0 (Windows NT 10.0; Win64; x64) AppleWebKit/537.36 (KHTML, like Gecko) Chrome/79.0.3945.117 Safari/537.36"
::1 - - [19/Jan/2020:10:43:18 +0000] "GET /js/home_posts.js HTTP/1.1" 404 155 "http://localhost:8000/" "Mozilla/5.0 (Windows NT 10.0; Win64; x64) AppleWebKit/537.36 (KHTML, like Gecko) Chrome/79.0.3945.117 Safari/537.36"
::1 - - [19/Jan/2020:10:43:20 +0000] "GET /js/home_post_comments.js HTTP/1.1" 404 163 "http://localhost:8000/" "Mozilla/5.0 (Windows NT 10.0; Win64; x64) AppleWebKit/537.36 (KHTML, like Gecko) Chrome/79.0.3945.117 Safari/537.36"
::1 - - [19/Jan/2020:10:43:20 +0000] "GET /css/chat_box.css HTTP/1.1" 404 155 "http://localhost:8000/" "Mozilla/5.0 (Windows NT 10.0; Win64; x64) AppleWebKit/537.36 (KHTML, like Gecko) Chrome/79.0.3945.117 Safari/537.36"
::1 - - [19/Jan/2020:10:43:20 +0000] "GET /js/toggle_likes.js HTTP/1.1" 404 157 "http://localhost:8000/" "Mozilla/5.0 (Windows NT 10.0; Win64; x64) AppleWebKit/537.36 (KHTML, like Gecko) Chrome/79.0.3945.117 Safari/537.36"
::1 - - [19/Jan/2020:10:43:22 +0000] "GET /js/chat_engine.js HTTP/1.1" 404 156 "http://localhost:8000/" "Mozilla/5.0 (Windows NT 10.0; Win64; x64) AppleWebKit/537.36 (KHTML, like Gecko) Chrome/79.0.3945.117 Safari/537.36"
::1 - - [19/Jan/2020:10:43:24 +0000] "GET /js/home_post_comments.js HTTP/1.1" 404 163 "http://localhost:8000/" "Mozilla/5.0 (Windows NT 10.0; Win64; x64) AppleWebKit/537.36 (KHTML, like Gecko) Chrome/79.0.3945.117 Safari/537.36"
::1 - - [19/Jan/2020:10:43:24 +0000] "GET /js/toggle_likes.js HTTP/1.1" 404 157 "http://localhost:8000/" "Mozilla/5.0 (Windows NT 10.0; Win64; x64) AppleWebKit/537.36 (KHTML, like Gecko) Chrome/79.0.3945.117 Safari/537.36"
::1 - - [19/Jan/2020:10:43:24 +0000] "GET /js/chat_engine.js HTTP/1.1" 404 156 "http://localhost:8000/" "Mozilla/5.0 (Windows NT 10.0; Win64; x64) AppleWebKit/537.36 (KHTML, like Gecko) Chrome/79.0.3945.117 Safari/537.36"
::1 - - [19/Jan/2020:10:43:24 +0000] "GET / HTTP/1.1" 304 - "-" "Mozilla/5.0 (Windows NT 10.0; Win64; x64) AppleWebKit/537.36 (KHTML, like Gecko) Chrome/79.0.3945.117 Safari/537.36"
::1 - - [20/Jan/2020:17:03:37 +0000] "GET / HTTP/1.1" 500 148 "-" "Mozilla/5.0 (Windows NT 10.0; Win64; x64) AppleWebKit/537.36 (KHTML, like Gecko) Chrome/79.0.3945.117 Safari/537.36"
::1 - - [20/Jan/2020:17:03:37 +0000] "GET / HTTP/1.1" 500 148 "-" "Mozilla/5.0 (Windows NT 10.0; Win64; x64) AppleWebKit/537.36 (KHTML, like Gecko) Chrome/79.0.3945.117 Safari/537.36"
::1 - - [20/Jan/2020:17:05:39 +0000] "GET / HTTP/1.1" 200 1903 "-" "Mozilla/5.0 (Windows NT 10.0; Win64; x64) AppleWebKit/537.36 (KHTML, like Gecko) Chrome/79.0.3945.117 Safari/537.36"
::1 - - [20/Jan/2020:17:05:39 +0000] "GET /css/layout-ea5902e640.css HTTP/1.1" 404 164 "http://localhost:8000/" "Mozilla/5.0 (Windows NT 10.0; Win64; x64) AppleWebKit/537.36 (KHTML, like Gecko) Chrome/79.0.3945.117 Safari/537.36"
::1 - - [20/Jan/2020:17:05:39 +0000] "GET /css/home-de60b40ae2.css HTTP/1.1" 404 162 "http://localhost:8000/" "Mozilla/5.0 (Windows NT 10.0; Win64; x64) AppleWebKit/537.36 (KHTML, like Gecko) Chrome/79.0.3945.117 Safari/537.36"
::1 - - [20/Jan/2020:17:05:41 +0000] "GET /js/home_posts-5d2287dba4.js HTTP/1.1" 404 166 "http://localhost:8000/" "Mozilla/5.0 (Windows NT 10.0; Win64; x64) AppleWebKit/537.36 (KHTML, like Gecko) Chrome/79.0.3945.117 Safari/537.36"
::1 - - [20/Jan/2020:17:05:41 +0000] "GET /css/chat_box-3aa9f1fb21.css HTTP/1.1" 404 166 "http://localhost:8000/" "Mozilla/5.0 (Windows NT 10.0; Win64; x64) AppleWebKit/537.36 (KHTML, like Gecko) Chrome/79.0.3945.117 Safari/537.36"
::1 - - [20/Jan/2020:17:05:43 +0000] "GET /js/home_post_comments-17d4d4c772.js HTTP/1.1" 404 174 "http://localhost:8000/" "Mozilla/5.0 (Windows NT 10.0; Win64; x64) AppleWebKit/537.36 (KHTML, like Gecko) Chrome/79.0.3945.117 Safari/537.36"
::1 - - [20/Jan/2020:17:05:43 +0000] "GET /js/toggle_likes-0e3d81481c.js HTTP/1.1" 404 168 "http://localhost:8000/" "Mozilla/5.0 (Windows NT 10.0; Win64; x64) AppleWebKit/537.36 (KHTML, like Gecko) Chrome/79.0.3945.117 Safari/537.36"
::1 - - [20/Jan/2020:17:05:45 +0000] "GET /css/home-de60b40ae2.css HTTP/1.1" 404 162 "http://localhost:8000/" "Mozilla/5.0 (Windows NT 10.0; Win64; x64) AppleWebKit/537.36 (KHTML, like Gecko) Chrome/79.0.3945.117 Safari/537.36"
::1 - - [20/Jan/2020:17:05:45 +0000] "GET /js/chat_engine-21be63d13f.js HTTP/1.1" 404 167 "http://localhost:8000/" "Mozilla/5.0 (Windows NT 10.0; Win64; x64) AppleWebKit/537.36 (KHTML, like Gecko) Chrome/79.0.3945.117 Safari/537.36"
::1 - - [20/Jan/2020:17:05:47 +0000] "GET /css/layout-ea5902e640.css HTTP/1.1" 404 164 "http://localhost:8000/" "Mozilla/5.0 (Windows NT 10.0; Win64; x64) AppleWebKit/537.36 (KHTML, like Gecko) Chrome/79.0.3945.117 Safari/537.36"
::1 - - [20/Jan/2020:17:05:47 +0000] "GET /js/home_posts-5d2287dba4.js HTTP/1.1" 404 166 "http://localhost:8000/" "Mozilla/5.0 (Windows NT 10.0; Win64; x64) AppleWebKit/537.36 (KHTML, like Gecko) Chrome/79.0.3945.117 Safari/537.36"
::1 - - [20/Jan/2020:17:05:47 +0000] "GET /js/toggle_likes-0e3d81481c.js HTTP/1.1" 404 168 "http://localhost:8000/" "Mozilla/5.0 (Windows NT 10.0; Win64; x64) AppleWebKit/537.36 (KHTML, like Gecko) Chrome/79.0.3945.117 Safari/537.36"
::1 - - [20/Jan/2020:17:05:47 +0000] "GET /js/chat_engine-21be63d13f.js HTTP/1.1" 404 167 "http://localhost:8000/" "Mozilla/5.0 (Windows NT 10.0; Win64; x64) AppleWebKit/537.36 (KHTML, like Gecko) Chrome/79.0.3945.117 Safari/537.36"
::1 - - [20/Jan/2020:17:05:47 +0000] "GET /favicon.ico HTTP/1.1" 404 150 "http://localhost:8000/" "Mozilla/5.0 (Windows NT 10.0; Win64; x64) AppleWebKit/537.36 (KHTML, like Gecko) Chrome/79.0.3945.117 Safari/537.36"
::1 - - [20/Jan/2020:17:05:47 +0000] "GET / HTTP/1.1" 304 - "-" "Mozilla/5.0 (Windows NT 10.0; Win64; x64) AppleWebKit/537.36 (KHTML, like Gecko) Chrome/79.0.3945.117 Safari/537.36"
::1 - - [20/Jan/2020:17:06:03 +0000] "GET /css/home-de60b40ae2.css HTTP/1.1" 404 162 "http://localhost:8000/" "Mozilla/5.0 (Windows NT 10.0; Win64; x64) AppleWebKit/537.36 (KHTML, like Gecko) Chrome/79.0.3945.117 Safari/537.36"
::1 - - [20/Jan/2020:17:06:03 +0000] "GET /css/chat_box-3aa9f1fb21.css HTTP/1.1" 404 166 "http://localhost:8000/" "Mozilla/5.0 (Windows NT 10.0; Win64; x64) AppleWebKit/537.36 (KHTML, like Gecko) Chrome/79.0.3945.117 Safari/537.36"
::1 - - [20/Jan/2020:17:06:03 +0000] "GET /css/layout-ea5902e640.css HTTP/1.1" 404 164 "http://localhost:8000/" "Mozilla/5.0 (Windows NT 10.0; Win64; x64) AppleWebKit/537.36 (KHTML, like Gecko) Chrome/79.0.3945.117 Safari/537.36"
::1 - - [20/Jan/2020:17:11:05 +0000] "GET / HTTP/1.1" 304 - "-" "Mozilla/5.0 (Windows NT 10.0; Win64; x64) AppleWebKit/537.36 (KHTML, like Gecko) Chrome/79.0.3945.117 Safari/537.36"
::1 - - [20/Jan/2020:17:11:06 +0000] "GET /css/layout-ea5902e640.css HTTP/1.1" 404 164 "http://localhost:8000/" "Mozilla/5.0 (Windows NT 10.0; Win64; x64) AppleWebKit/537.36 (KHTML, like Gecko) Chrome/79.0.3945.117 Safari/537.36"
::1 - - [20/Jan/2020:17:11:07 +0000] "GET /css/home-de60b40ae2.css HTTP/1.1" 404 162 "http://localhost:8000/" "Mozilla/5.0 (Windows NT 10.0; Win64; x64) AppleWebKit/537.36 (KHTML, like Gecko) Chrome/79.0.3945.117 Safari/537.36"
::1 - - [20/Jan/2020:17:11:10 +0000] "GET /js/home_posts-5d2287dba4.js HTTP/1.1" 404 166 "http://localhost:8000/" "Mozilla/5.0 (Windows NT 10.0; Win64; x64) AppleWebKit/537.36 (KHTML, like Gecko) Chrome/79.0.3945.117 Safari/537.36"
::1 - - [20/Jan/2020:17:11:10 +0000] "GET /js/chat_engine-21be63d13f.js HTTP/1.1" 404 167 "http://localhost:8000/" "Mozilla/5.0 (Windows NT 10.0; Win64; x64) AppleWebKit/537.36 (KHTML, like Gecko) Chrome/79.0.3945.117 Safari/537.36"
::1 - - [20/Jan/2020:17:11:12 +0000] "GET /css/chat_box-3aa9f1fb21.css HTTP/1.1" 404 166 "http://localhost:8000/" "Mozilla/5.0 (Windows NT 10.0; Win64; x64) AppleWebKit/537.36 (KHTML, like Gecko) Chrome/79.0.3945.117 Safari/537.36"
::1 - - [20/Jan/2020:17:11:12 +0000] "GET /js/home_post_comments-17d4d4c772.js HTTP/1.1" 404 174 "http://localhost:8000/" "Mozilla/5.0 (Windows NT 10.0; Win64; x64) AppleWebKit/537.36 (KHTML, like Gecko) Chrome/79.0.3945.117 Safari/537.36"
::1 - - [20/Jan/2020:17:11:12 +0000] "GET /js/toggle_likes-0e3d81481c.js HTTP/1.1" 404 168 "http://localhost:8000/" "Mozilla/5.0 (Windows NT 10.0; Win64; x64) AppleWebKit/537.36 (KHTML, like Gecko) Chrome/79.0.3945.117 Safari/537.36"
::1 - - [20/Jan/2020:17:11:14 +0000] "GET /js/home_posts-5d2287dba4.js HTTP/1.1" 404 166 "http://localhost:8000/" "Mozilla/5.0 (Windows NT 10.0; Win64; x64) AppleWebKit/537.36 (KHTML, like Gecko) Chrome/79.0.3945.117 Safari/537.36"
::1 - - [20/Jan/2020:17:11:14 +0000] "GET /js/toggle_likes-0e3d81481c.js HTTP/1.1" 404 168 "http://localhost:8000/" "Mozilla/5.0 (Windows NT 10.0; Win64; x64) AppleWebKit/537.36 (KHTML, like Gecko) Chrome/79.0.3945.117 Safari/537.36"
::1 - - [20/Jan/2020:17:11:14 +0000] "GET /js/chat_engine-21be63d13f.js HTTP/1.1" 404 167 "http://localhost:8000/" "Mozilla/5.0 (Windows NT 10.0; Win64; x64) AppleWebKit/537.36 (KHTML, like Gecko) Chrome/79.0.3945.117 Safari/537.36"
::1 - - [20/Jan/2020:17:11:14 +0000] "GET / HTTP/1.1" 304 - "-" "Mozilla/5.0 (Windows NT 10.0; Win64; x64) AppleWebKit/537.36 (KHTML, like Gecko) Chrome/79.0.3945.117 Safari/537.36"
::1 - - [20/Jan/2020:17:18:35 +0000] "GET / HTTP/1.1" 304 - "-" "Mozilla/5.0 (Windows NT 10.0; Win64; x64) AppleWebKit/537.36 (KHTML, like Gecko) Chrome/79.0.3945.117 Safari/537.36"
::1 - - [20/Jan/2020:17:18:35 +0000] "GET / HTTP/1.1" 304 - "-" "Mozilla/5.0 (Windows NT 10.0; Win64; x64) AppleWebKit/537.36 (KHTML, like Gecko) Chrome/79.0.3945.117 Safari/537.36"
::1 - - [20/Jan/2020:17:26:51 +0000] "GET / HTTP/1.1" 304 - "-" "Mozilla/5.0 (Windows NT 10.0; Win64; x64) AppleWebKit/537.36 (KHTML, like Gecko) Chrome/79.0.3945.117 Safari/537.36"
::1 - - [20/Jan/2020:17:26:51 +0000] "GET / HTTP/1.1" 304 - "-" "Mozilla/5.0 (Windows NT 10.0; Win64; x64) AppleWebKit/537.36 (KHTML, like Gecko) Chrome/79.0.3945.117 Safari/537.36"
::1 - - [20/Jan/2020:17:26:53 +0000] "GET / HTTP/1.1" 304 - "-" "Mozilla/5.0 (Windows NT 10.0; Win64; x64) AppleWebKit/537.36 (KHTML, like Gecko) Chrome/79.0.3945.117 Safari/537.36"
::1 - - [20/Jan/2020:17:26:53 +0000] "GET / HTTP/1.1" 304 - "-" "Mozilla/5.0 (Windows NT 10.0; Win64; x64) AppleWebKit/537.36 (KHTML, like Gecko) Chrome/79.0.3945.117 Safari/537.36"
[0mGET / [32m200 [0m214.940 ms - 1595[0m
[0mGET /js/home_post_comments.js [33m404 [0m2165.041 ms - 163[0m
[0mGET /js/home_posts.js [33m404 [0m2165.889 ms - 155[0m
[0mGET /js/toggle_likes.js [33m404 [0m4026.150 ms - 157[0m
[0mGET /js/chat_engine.js [33m404 [0m4026.623 ms - 156[0m
[0mGET /favicon.ico [33m404 [0m3824.646 ms - 150[0m
[0mGET /users/sign-in [32m200 [0m12.869 ms - 1053[0m
[0mGET /users/css/layout.css [33m404 [0m2.333 ms - 159[0m
[0mGET /users/css/layout.css [33m404 [0m1.751 ms - 159[0m
[0mGET /users/sign-up [32m200 [0m11.952 ms - 1252[0m
[0mGET /users/css/layout.css [33m404 [0m2.053 ms - 159[0m
[0mPOST /users/create [36m302 [0m89.081 ms - 72[0m
[0mGET /users/sign-in [36m304 [0m57.100 ms - -[0m
[0mGET /users/css/layout.css [33m404 [0m1.804 ms - 159[0m
[0mPOST /users/create-session [36m302 [0m8.352 ms - 46[0m
[0mGET / [32m200 [0m11.134 ms - 2539[0m
[0mGET /js/home_post_comments.js [33m404 [0m17.802 ms - 163[0m
[0mGET /js/home_posts.js [33m404 [0m17.575 ms - 155[0m
[0mGET /css/layout.css [33m404 [0m19.540 ms - 153[0m
[0mGET /js/toggle_likes.js [33m404 [0m19.231 ms - 157[0m
[0mGET /css/home.css [33m404 [0m20.593 ms - 151[0m
[0mGET /css/chat_box.css [33m404 [0m16.815 ms - 155[0m
[0mGET /js/chat_engine.js [33m404 [0m5.725 ms - 156[0m
[0mGET /js/chat_engine.js [33m404 [0m5.097 ms - 156[0m
[0mGET / [32m200 [0m68.984 ms - 2393[0m
[0mPOST /posts/create [32m200 [0m369.909 ms - 280[0m
[0mGET / [0m- [0m- ms - -[0m
[0mPOST /comments/create [0m- [0m- ms - -[0m
[0mPOST /comments/create [36m302 [0m392.338 ms - 46[0m
[0mPOST /comments/create [0m- [0m- ms - -[0m
[0mGET /likes/toggle/?id=%3C%=post._id%%3E&type=Post [0m- [0m- ms - -[0m
[0mGET /likes/toggle/?id=%3C%=post._id%%3E&type=Post [33m404 [0m2768.201 ms - 152[0m
[0mGET / [32m200 [0m75.522 ms - 5638[0m
[0mPOST /comments/create [36m302 [0m23.768 ms - 46[0m
[0mGET / [32m200 [0m19.130 ms - 6292[0m
[0mGET /comments/delete/5e29fb438250c04774f4906b [36m302 [0m93.479 ms - 88[0m
[0mGET / [32m200 [0m27.923 ms - 5775[0m
[0mGET /comments/delete/5e29fb4c8250c04774f4906d [36m302 [0m10.528 ms - 88[0m
[0mGET / [32m200 [0m16.997 ms - 5273[0m
[0mGET /comments/delete/5e29fb4c8250c04774f4906e [36m302 [0m12.454 ms - 88[0m
[0mGET / [32m200 [0m23.288 ms - 4771[0m
[0mPOST /likes/toggle/?id=5e29fb568250c04774f4906f&type=Comment [32m200 [0m180.831 ms - 57[0m
[0mPOST /likes/toggle/?id=5e29fb3f8250c04774f4906a&type=Post [32m200 [0m23.455 ms - 57[0m
[0mPOST /likes/toggle/?id=5e29fb3f8250c04774f4906a&type=Post [32m200 [0m24.896 ms - 56[0m
[0mPOST /likes/toggle/?id=5e29fb3f8250c04774f4906a&type=Post [32m200 [0m28.512 ms - 57[0m
[0mPOST /likes/toggle/?id=5e29fb3f8250c04774f4906a&type=Post [32m200 [0m13.078 ms - 56[0m
[0mPOST /likes/toggle/?id=5e29fb3f8250c04774f4906a&type=Post [32m200 [0m24.924 ms - 57[0m
[0mPOST /likes/toggle/?id=5e29fb3f8250c04774f4906a&type=Post [32m200 [0m22.408 ms - 56[0m
[0mPOST /likes/toggle/?id=5e29fb3f8250c04774f4906a&type=Post [32m200 [0m12.696 ms - 57[0m
[0mPOST /likes/toggle/?id=5e29fb3f8250c04774f4906a&type=Post [32m200 [0m26.108 ms - 56[0m
[0mPOST /likes/toggle/?id=5e29fb3f8250c04774f4906a&type=Post [32m200 [0m12.915 ms - 57[0m
[0mPOST /likes/toggle/?id=5e29fb3f8250c04774f4906a&type=Post [32m200 [0m25.703 ms - 56[0m
[0mPOST /likes/toggle/?id=5e29fb3f8250c04774f4906a&type=Post [32m200 [0m23.711 ms - 57[0m
[0mPOST /likes/toggle/?id=5e29fb3f8250c04774f4906a&type=Post [32m200 [0m25.584 ms - 56[0m
[0mPOST /likes/toggle/?id=5e29fb568250c04774f4906f&type=Comment [32m200 [0m25.357 ms - 56[0m
[0mGET /comments/delete/5e29fb568250c04774f4906f [36m302 [0m16.610 ms - 88[0m
[0mGET / [32m200 [0m16.388 ms - 4269[0m
[0mPOST /posts/create [32m200 [0m18.471 ms - 276[0m
[0mGET /posts/delete/5e29fb7f8250c04774f49085 [36m302 [0m63.025 ms - 88[0m
[0mGET / [32m200 [0m13.160 ms - 4300[0m
[0mGET /users/sign-out [36m302 [0m11.993 ms - 46[0m
[0mGET / [32m200 [0m21.080 ms - 2893[0m
[0mGET /users/sign-in [36m304 [0m10.819 ms - -[0m
[0mGET /users/css/layout.css [33m404 [0m4.046 ms - 159[0m
[0mGET / [32m200 [0m12.369 ms - 3629[0m
[0mGET /users/sign-in [32m200 [0m16.847 ms - 1932[0m
[0mGET /users/css/layout.css [33m404 [0m1.925 ms - 159[0m
[0mGET /users/sign-in [32m200 [0m10.885 ms - 1919[0m
[0mGET /users/css/layout.css [33m404 [0m2.551 ms - 159[0m
[0mGET / [32m200 [0m30.527 ms - 3616[0m
[0mGET /users/sign-in [36m304 [0m16.355 ms - -[0m
[0mGET /users/css/layout.css [33m404 [0m2.475 ms - 159[0m
[0mPOST /users/create-session [36m302 [0m8.273 ms - 46[0m
[0mGET / [32m200 [0m10.709 ms - 5191[0m
[0mGET /users/sign-out [36m302 [0m6.437 ms - 46[0m
[0mGET / [32m200 [0m13.642 ms - 3759[0m
[0mGET / [32m200 [0m26.334 ms - 4229[0m
[0mGET /users/sign-in [32m200 [0m12.161 ms - 2532[0m
[0mGET /users/css/layout.css [33m404 [0m1.722 ms - 159[0m
[0mGET /users/sign-in [32m200 [0m9.652 ms - 2765[0m
[0mGET /users/css/layout.css [33m404 [0m1.638 ms - 159[0m
[0mGET /users/sign-up [32m200 [0m11.223 ms - 2730[0m
[0mGET /users/css/layout.css [33m404 [0m1.912 ms - 159[0m
[0mGET /users/css/layout.css [33m404 [0m1.460 ms - 159[0m
[0mGET /users/sign-in [36m304 [0m16.465 ms - -[0m
[0mGET /users/css/layout.css [33m404 [0m2.965 ms - 159[0m
[0mPOST /users/create-session [36m302 [0m7.610 ms - 46[0m
[0mGET / [32m200 [0m16.462 ms - 5803[0m
[0mGET /users/sign-out [36m302 [0m12.724 ms - 46[0m
[0mGET / [32m200 [0m13.063 ms - 4514[0m
[0mGET /users/sign-in [32m200 [0m6.365 ms - 2908[0m
[0mGET /users/css/layout.css [33m404 [0m2.578 ms - 159[0m
[0mPOST /users/create-session [36m302 [0m9.075 ms - 46[0m
[0mGET / [32m200 [0m18.527 ms - 5946[0m
[0mGET /users/sign-out [36m302 [0m6.824 ms - 46[0m
[0mGET / [32m200 [0m17.267 ms - 4514[0m
[0mGET /users/sign-in [36m304 [0m8.491 ms - -[0m
[0mGET /users/css/layout.css [33m404 [0m1.778 ms - 159[0m
[0mGET /users/sign-up [32m200 [0m8.210 ms - 2873[0m
[0mGET /users/css/layout.css [33m404 [0m1.820 ms - 159[0m
[0mGET /users/sign-up [32m200 [0m6.384 ms - 3234[0m
[0mGET /users/css/layout.css [33m404 [0m2.243 ms - 159[0m
[0mGET /users/sign-in [32m200 [0m8.945 ms - 2908[0m
[0mGET /users/css/layout.css [33m404 [0m3.438 ms - 159[0m
[0mGET /users/css/layout.css [33m404 [0m1.424 ms - 159[0m
[0mGET /users/sign-up [32m200 [0m16.186 ms - 3234[0m
[0mGET /users/css/layout.css [33m404 [0m2.077 ms - 159[0m
[0mGET /users/sign-in [36m304 [0m18.176 ms - -[0m
[0mGET /users/css/layout.css [33m404 [0m1.737 ms - 159[0m
[0mGET / [32m200 [0m20.176 ms - 4371[0m
[0mGET /users/sign-in [36m304 [0m12.577 ms - -[0m
[0mGET /users/css/layout.css [33m404 [0m1.818 ms - 159[0m
[0mPOST /users/create-session [36m302 [0m6.619 ms - 46[0m
[0mGET / [32m200 [0m24.937 ms - 5946[0m
[0mGET / [32m200 [0m20.102 ms - 5800[0m
[0mGET /users/sign-out [36m302 [0m10.248 ms - 46[0m
[0mGET / [32m200 [0m10.809 ms - 4514[0m
[0mGET /users/profile/5e29f803c6d0fc44bc55d0eb [36m302 [0m7.578 ms - 72[0m
[0mGET /users/sign-in [36m304 [0m5.021 ms - -[0m
[0mGET /users/css/layout.css [33m404 [0m1.697 ms - 159[0m
[0mPOST /users/create-session [36m302 [0m7.228 ms - 46[0m
[0mGET / [32m200 [0m18.298 ms - 5946[0m
[0mGET /users/profile/5e29f803c6d0fc44bc55d0eb [32m200 [0m27.616 ms - 2907[0m
[0mGET /users/profile/css/layout.css [33m404 [0m6.710 ms - 167[0m
[0mGET /users/profile/css/user_profile.css [33m404 [0m7.216 ms - 173[0m
[0mGET / [32m200 [0m30.693 ms - 5800[0m
[0mGET /users/sign-out [36m302 [0m13.575 ms - 46[0m
[0mGET / [32m200 [0m12.103 ms - 4514[0m
[0mGET /users/sign-in [36m304 [0m9.450 ms - -[0m
[0mGET /users/css/layout.css [33m404 [0m1.788 ms - 159[0m
[0mGET /users/sign-up [36m304 [0m14.486 ms - -[0m
[0mGET /users/css/layout.css [33m404 [0m2.574 ms - 159[0m
[0mGET /users/sign-in [36m304 [0m12.516 ms - -[0m
[0mGET /users/css/layout.css [33m404 [0m1.806 ms - 159[0m
[0mPOST /users/create-session [36m302 [0m9.061 ms - 46[0m
[0mGET / [32m200 [0m12.670 ms - 5946[0m
[0mGET /users/profile/5e29f803c6d0fc44bc55d0eb [36m304 [0m22.726 ms - -[0m
[0mGET /users/profile/css/layout.css [33m404 [0m7.137 ms - 167[0m
[0mGET /users/profile/css/user_profile.css [33m404 [0m7.158 ms - 173[0m
[0mGET /users/sign-out [36m302 [0m8.450 ms - 46[0m
[0mGET / [32m200 [0m9.333 ms - 4514[0m
[0mGET /users/sign-in [36m304 [0m13.946 ms - -[0m
[0mGET /users/css/layout.css [33m404 [0m2.041 ms - 159[0m
[0mPOST /users/create-session [36m302 [0m7.471 ms - 46[0m
[0mGET / [32m200 [0m20.763 ms - 5946[0m
[0mGET /users/profile/5e29f803c6d0fc44bc55d0eb [36m304 [0m20.221 ms - -[0m
[0mGET /users/profile/css/layout.css [33m404 [0m5.654 ms - 167[0m
[0mGET /users/profile/css/user_profile.css [33m404 [0m5.783 ms - 173[0m
[0mPOST /users/update/5e29f803c6d0fc44bc55d0eb [36m302 [0m33.628 ms - 164[0m
[0mGET /users/profile/5e29f803c6d0fc44bc55d0eb [36m304 [0m11.579 ms - -[0m
[0mGET /users/profile/css/layout.css [33m404 [0m2.997 ms - 167[0m
[0mGET /users/profile/css/user_profile.css [33m404 [0m3.601 ms - 173[0m
[0mPOST /users/update/5e29f803c6d0fc44bc55d0eb [36m302 [0m13.724 ms - 164[0m
[0mGET /users/profile/5e29f803c6d0fc44bc55d0eb [32m200 [0m10.745 ms - 2916[0m
[0mGET /users/profile/css/layout.css [33m404 [0m3.357 ms - 167[0m
[0mGET /users/profile/css/user_profile.css [33m404 [0m3.798 ms - 173[0m
[0mPOST /users/update/5e29f803c6d0fc44bc55d0eb [36m302 [0m26.093 ms - 164[0m
[0mGET /users/profile/5e29f803c6d0fc44bc55d0eb [32m200 [0m11.707 ms - 2959[0m
[0mGET /users/profile/css/layout.css [33m404 [0m6.796 ms - 167[0m
[0mGET /users/profile/css/user_profile.css [33m404 [0m4.578 ms - 173[0m
[0mGET / [32m200 [0m26.078 ms - 5809[0m
[0mGET / [32m200 [0m22.224 ms - 5809[0m
[0mGET / [32m200 [0m24.912 ms - 5809[0m
[0mGET / [32m200 [0m19.528 ms - 5805[0m
[0mGET / [32m200 [0m17.305 ms - 5808[0m
[0mGET / [32m200 [0m18.595 ms - 5805[0m
[0mGET / [32m200 [0m18.035 ms - 5805[0m
[0mGET / [32m200 [0m20.884 ms - 5809[0m
[0mGET /users/profile/5e29f803c6d0fc44bc55d0eb [32m200 [0m15.764 ms - 2991[0m
[0mGET /users/profile/css/layout.css [33m404 [0m3.878 ms - 167[0m
[0mGET /users/profile/css/user_profile.css [33m404 [0m4.174 ms - 173[0m
[0mGET /users/profile/5e29f803c6d0fc44bc55d0eb [32m200 [0m11.652 ms - 3110[0m
[0mGET /users/profile/css/layout.css [33m404 [0m3.814 ms - 167[0m
[0mGET /users/profile/css/user_profile.css [33m404 [0m6.486 ms - 173[0m
[0mGET /users/profile/5e29f803c6d0fc44bc55d0eb [32m200 [0m7.021 ms - 3109[0m
[0mGET /users/profile/css/layout.css [33m404 [0m7.014 ms - 167[0m
[0mGET /users/profile/css/user_profile.css [33m404 [0m7.378 ms - 173[0m
[0mGET /users/profile/5e29f803c6d0fc44bc55d0eb [32m200 [0m109.451 ms - 3108[0m
[0mGET /users/profile/css/layout.css [33m404 [0m6.414 ms - 167[0m
[0mGET /users/profile/css/user_profile.css [33m404 [0m6.364 ms - 173[0m
[0mGET /users/profile/5e29f803c6d0fc44bc55d0eb [32m200 [0m14.153 ms - 3109[0m
[0mGET /users/profile/css/layout.css [33m404 [0m6.618 ms - 167[0m
[0mGET /users/profile/css/user_profile.css [33m404 [0m7.043 ms - 173[0m
[0mGET /users/profile/5e29f803c6d0fc44bc55d0eb [32m200 [0m17.665 ms - 3109[0m
[0mGET /users/profile/css/layout.css [33m404 [0m11.754 ms - 167[0m
[0mGET /users/profile/css/user_profile.css [33m404 [0m10.026 ms - 173[0m
[0mGET /users/profile/5e29f803c6d0fc44bc55d0eb [32m200 [0m8.458 ms - 3109[0m
[0mGET /users/profile/css/layout.css [33m404 [0m8.776 ms - 167[0m
[0mGET /users/profile/css/user_profile.css [33m404 [0m8.457 ms - 173[0m
[0mGET /users/profile/5e29f803c6d0fc44bc55d0eb [32m200 [0m20.202 ms - 3518[0m
[0mGET /users/profile/css/layout.css [33m404 [0m6.400 ms - 167[0m
[0mGET /users/profile/css/user_profile.css [33m404 [0m6.469 ms - 173[0m
[0mGET /users/profile/5e29f803c6d0fc44bc55d0eb [32m200 [0m15.433 ms - 3345[0m
[0mGET /users/profile/css/layout.css [33m404 [0m4.798 ms - 167[0m
[0mGET /users/profile/css/user_profile.css [33m404 [0m5.293 ms - 173[0m
[0mGET /users/profile/css/layout.css [33m404 [0m4.153 ms - 167[0m
[0mGET /users/profile/css/user_profile.css [33m404 [0m3.366 ms - 173[0m
[0mGET /users/profile/5e29f803c6d0fc44bc55d0eb [32m200 [0m10.549 ms - 3324[0m
[0mGET /users/profile/css/layout.css [33m404 [0m6.657 ms - 167[0m
[0mGET /users/profile/css/user_profile.css [33m404 [0m6.049 ms - 173[0m
[0mGET /users/profile/css/layout.css [33m404 [0m2.799 ms - 167[0m
[0mGET /users/profile/css/user_profile.css [33m404 [0m3.274 ms - 173[0m
[0mGET /users/profile/5e29f803c6d0fc44bc55d0eb [32m200 [0m15.197 ms - 3329[0m
[0mGET /users/profile/css/layout.css [33m404 [0m9.590 ms - 167[0m
[0mGET /users/profile/css/user_profile.css [33m404 [0m9.019 ms - 173[0m
[0mGET /users/profile/css/layout.css [33m404 [0m6.873 ms - 167[0m
[0mGET /users/profile/css/user_profile.css [33m404 [0m7.321 ms - 173[0m
[0mGET /users/profile/5e29f803c6d0fc44bc55d0eb [32m200 [0m13.293 ms - 3331[0m
[0mGET /users/profile/css/layout.css [33m404 [0m8.881 ms - 167[0m
[0mGET /users/profile/css/user_profile.css [33m404 [0m7.571 ms - 173[0m
[0mGET /users/profile/css/layout.css [33m404 [0m3.443 ms - 167[0m
[0mGET /users/profile/css/user_profile.css [33m404 [0m3.443 ms - 173[0m
[0mGET /users/profile/5e29f803c6d0fc44bc55d0eb [32m200 [0m12.019 ms - 3347[0m
[0mGET /users/profile/css/layout.css [33m404 [0m5.409 ms - 167[0m
[0mGET /users/profile/css/user_profile.css [33m404 [0m6.036 ms - 173[0m
[0mGET /users/profile/css/layout.css [33m404 [0m2.802 ms - 167[0m
[0mGET /users/profile/css/user_profile.css [33m404 [0m3.155 ms - 173[0m
[0mGET /users/sign-out [36m302 [0m8.349 ms - 46[0m
[0mGET / [32m200 [0m9.286 ms - 4640[0m
[0mGET /users/sign-in [32m200 [0m8.803 ms - 3029[0m
[0mGET /users/css/layout.css [33m404 [0m2.208 ms - 159[0m
[0mGET /users/sign-up [32m200 [0m7.426 ms - 3355[0m
[0mGET /users/css/layout.css [33m404 [0m1.690 ms - 159[0m
[0mGET /users/sign-in [36m304 [0m10.003 ms - -[0m
[0mGET /users/css/layout.css [33m404 [0m1.703 ms - 159[0m
[0mGET /users/sign-in [32m200 [0m9.371 ms - 3029[0m
[0mGET /users/css/layout.css [33m404 [0m3.075 ms - 159[0m
[0mPOST /users/create-session [36m302 [0m12.764 ms - 46[0m
[0mGET / [32m200 [0m21.378 ms - 6075[0m
[0mGET /users/profile/5e29f803c6d0fc44bc55d0eb [36m304 [0m17.917 ms - -[0m
[0mGET /users/profile/css/layout.css [33m404 [0m7.374 ms - 167[0m
[0mGET /users/profile/css/user_profile.css [33m404 [0m8.197 ms - 173[0m
[0mPOST /users/update/5e29f803c6d0fc44bc55d0eb [36m302 [0m20.991 ms - 164[0m
[0mGET /users/profile/5e29f803c6d0fc44bc55d0eb [32m200 [0m11.814 ms - 3347[0m
[0mGET /users/profile/css/layout.css [33m404 [0m7.597 ms - 167[0m
[0mGET /users/profile/css/user_profile.css [33m404 [0m7.911 ms - 173[0m
[0mPOST /users/update/5e29f803c6d0fc44bc55d0eb [36m302 [0m104.157 ms - 164[0m
[0mGET /users/profile/5e29f803c6d0fc44bc55d0eb [32m200 [0m8.808 ms - 3347[0m
[0mGET /users/profile/css/layout.css [33m404 [0m7.436 ms - 167[0m
[0mGET /users/profile/css/user_profile.css [33m404 [0m8.442 ms - 173[0m
[0mGET /users/profile/5e29f803c6d0fc44bc55d0eb [32m200 [0m19.491 ms - 3369[0m
[0mGET /users/profile/css/layout.css [33m404 [0m13.215 ms - 167[0m
[0mGET /users/profile/css/user_profile.css [33m404 [0m10.264 ms - 173[0m
[0mGET /users/profile/5e29f803c6d0fc44bc55d0eb [32m200 [0m15.583 ms - 3356[0m
[0mGET /users/profile/css/layout.css [33m404 [0m4.552 ms - 167[0m
[0mGET /users/profile/css/user_profile.css [33m404 [0m4.041 ms - 173[0m
[0mGET /users/profile/5e29f803c6d0fc44bc55d0eb [32m200 [0m10.859 ms - 3404[0m
[0mGET /users/profile/css/layout.css [33m404 [0m3.429 ms - 167[0m
[0mGET /users/profile/css/user_profile.css [33m404 [0m3.661 ms - 173[0m
[0mGET /users/profile/5e29f803c6d0fc44bc55d0eb [32m200 [0m8.301 ms - 3416[0m
[0mGET /users/profile/css/layout.css [33m404 [0m8.558 ms - 167[0m
[0mGET /users/profile/css/user_profile.css [33m404 [0m10.030 ms - 173[0m
[0mGET /users/profile/5e29f803c6d0fc44bc55d0eb [36m304 [0m6.072 ms - -[0m
[0mGET /users/profile/css/layout.css [33m404 [0m4.195 ms - 167[0m
[0mGET /users/profile/css/user_profile.css [33m404 [0m4.664 ms - 173[0m
[0mGET /users/profile/5e29f803c6d0fc44bc55d0eb [36m304 [0m14.608 ms - -[0m
[0mGET /users/profile/css/layout.css [33m404 [0m9.295 ms - 167[0m
[0mGET /users/profile/css/user_profile.css [33m404 [0m10.712 ms - 173[0m
[0mGET /users/profile/5e29f803c6d0fc44bc55d0eb [36m304 [0m7.060 ms - -[0m
[0mGET /users/profile/css/layout.css [33m404 [0m3.999 ms - 167[0m
[0mGET /users/profile/css/user_profile.css [33m404 [0m8.058 ms - 173[0m
[0mGET /users/profile/5e29f803c6d0fc44bc55d0eb [32m200 [0m8.715 ms - 3391[0m
[0mGET /users/profile/css/layout.css [33m404 [0m6.595 ms - 167[0m
[0mGET /users/profile/css/user_profile.css [33m404 [0m6.816 ms - 173[0m
[0mGET /users/sign-out [36m302 [0m5.047 ms - 46[0m
[0mGET / [32m200 [0m11.562 ms - 4640[0m
[0mGET /users/profile/5e29f803c6d0fc44bc55d0eb [36m302 [0m2.503 ms - 72[0m
[0mGET /users/sign-in [36m304 [0m3.900 ms - -[0m
[0mGET /users/css/layout.css [33m404 [0m1.741 ms - 159[0m
[0mPOST /users/create-session [36m302 [0m5.179 ms - 46[0m
[0mGET / [32m200 [0m9.942 ms - 6075[0m
[0mGET /users/profile/5e29f803c6d0fc44bc55d0eb [32m200 [0m8.919 ms - 3365[0m
[0mGET /users/profile/css/layout.css [33m404 [0m5.075 ms - 167[0m
[0mGET /users/profile/css/user_profile.css [33m404 [0m6.384 ms - 173[0m
[0mGET /users/profile/5e29f803c6d0fc44bc55d0eb [32m200 [0m8.024 ms - 3364[0m
[0mGET /users/profile/css/layout.css [33m404 [0m6.604 ms - 167[0m
[0mGET /users/profile/css/user_profile.css [33m404 [0m5.786 ms - 173[0m
[0mGET /users/profile/5e29f803c6d0fc44bc55d0eb [36m304 [0m6.413 ms - -[0m
[0mGET /users/profile/css/layout.css [33m404 [0m5.413 ms - 167[0m
[0mGET /users/profile/css/user_profile.css [33m404 [0m5.469 ms - 173[0m
[0mGET /users/profile/5e29f803c6d0fc44bc55d0eb [36m304 [0m6.053 ms - -[0m
[0mGET /users/profile/css/layout.css [33m404 [0m6.499 ms - 167[0m
[0mGET /users/profile/css/user_profile.css [33m404 [0m6.688 ms - 173[0m
[0mGET /users/profile/5e29f803c6d0fc44bc55d0eb [36m304 [0m6.701 ms - -[0m
[0mGET /users/profile/css/layout.css [33m404 [0m7.423 ms - 167[0m
[0mGET /users/profile/css/user_profile.css [33m404 [0m8.327 ms - 173[0m
[0mGET / [32m200 [0m16.360 ms - 5929[0m
[0mGET /users/profile/5e29f803c6d0fc44bc55d0eb [36m304 [0m7.381 ms - -[0m
[0mGET /users/profile/css/layout.css [33m404 [0m4.578 ms - 167[0m
[0mGET /users/profile/css/user_profile.css [33m404 [0m5.140 ms - 173[0m
[0mGET /users/profile/5e29f803c6d0fc44bc55d0eb [32m200 [0m10.595 ms - 3368[0m
[0mGET /users/profile/css/layout.css [33m404 [0m9.263 ms - 167[0m
[0mGET /users/profile/css/user_profile.css [33m404 [0m8.890 ms - 173[0m
[0mGET /users/profile/5e29f803c6d0fc44bc55d0eb [32m200 [0m16.639 ms - 3378[0m
[0mGET /users/profile/css/layout.css [33m404 [0m7.980 ms - 167[0m
[0mGET /users/profile/css/user_profile.css [33m404 [0m9.555 ms - 173[0m
[0mGET /users/sign-out [36m302 [0m5.147 ms - 46[0m
[0mGET / [32m200 [0m10.665 ms - 4640[0m
[0mGET /users/sign-in [36m304 [0m8.492 ms - -[0m
[0mGET /users/css/layout.css [33m404 [0m1.600 ms - 159[0m
[0mPOST /users/create-session [36m302 [0m13.250 ms - 46[0m
[0mGET / [32m200 [0m12.474 ms - 6075[0m
[0mGET /users/profile/5e29f803c6d0fc44bc55d0eb [36m304 [0m12.978 ms - -[0m
[0mGET /users/profile/css/layout.css [33m404 [0m5.926 ms - 167[0m
[0mGET /users/profile/css/user_profile.css [33m404 [0m6.613 ms - 173[0m
[0mGET / [32m200 [0m21.374 ms - 5929[0m
[0mPOST /comments/create [36m302 [0m22.805 ms - 46[0m
[0mGET / [32m200 [0m52.594 ms - 6583[0m
[0mGET /comments/delete/5e2a0b638250c04774f49086 [36m302 [0m13.349 ms - 88[0m
[0mGET / [32m200 [0m17.652 ms - 6066[0m
[0mGET /posts/delete/5e29fb3f8250c04774f4906a [36m302 [0m15.177 ms - 88[0m
[0mGET / [32m200 [0m10.795 ms - 4356[0m
[0mGET / [32m200 [0m12.714 ms - 4188[0m
[0mGET /users/sign-out [36m302 [0m10.381 ms - 46[0m
[0mGET / [32m200 [0m7.250 ms - 4765[0m
[0mGET /users/sign-in [32m200 [0m10.500 ms - 4193[0m
[0mGET /users/css/layout.css [33m404 [0m2.181 ms - 159[0m
[0mPOST /users/create-session [36m302 [0m10.572 ms - 46[0m
[0mGET / [32m200 [0m12.359 ms - 5498[0m
[0mGET /users/profile/5e29f803c6d0fc44bc55d0eb [32m200 [0m8.475 ms - 4542[0m
[0mGET /users/profile/css/layout.css [33m404 [0m6.967 ms - 167[0m
[0mGET /users/profile/css/user_profile.css [33m404 [0m7.081 ms - 173[0m
[0mGET /users/sign-out [36m302 [0m7.837 ms - 46[0m
[0mGET / [32m200 [0m13.128 ms - 4156[0m
[0mGET /users/profile/5e29f803c6d0fc44bc55d0eb [36m302 [0m6.900 ms - 72[0m
[0mGET /users/sign-in [32m200 [0m3.883 ms - 3584[0m
[0mGET /users/css/layout.css [33m404 [0m2.179 ms - 159[0m
[0mPOST /users/create-session [36m302 [0m9.871 ms - 46[0m
[0mGET / [32m200 [0m8.662 ms - 4889[0m
[0mPOST /posts/create [32m200 [0m18.935 ms - 276[0m
[0mGET /users/profile/5e29f803c6d0fc44bc55d0eb [32m200 [0m14.664 ms - 3933[0m
[0mGET /users/profile/css/layout.css [33m404 [0m6.647 ms - 167[0m
[0mGET /users/profile/css/user_profile.css [33m404 [0m9.548 ms - 173[0m
[0mGET / [32m200 [0m24.307 ms - 6477[0m
[0mPOST /likes/toggle/?id=5e2a0c278250c04774f49088&type=Post [32m200 [0m20.002 ms - 57[0m
[0mPOST /likes/toggle/?id=5e2a0c278250c04774f49088&type=Post [32m200 [0m10.503 ms - 56[0m
[0mGET /posts/delete/5e2a0c278250c04774f49088 [36m302 [0m13.451 ms - 88[0m
[0mGET / [32m200 [0m10.189 ms - 4911[0m
[0mPOST /posts/create [32m200 [0m17.090 ms - 277[0m
[0mPOST /comments/create [36m302 [0m19.808 ms - 46[0m
[0mGET / [32m200 [0m17.392 ms - 7127[0m
[0mPOST /likes/toggle/?id=5e2a0c3d8250c04774f4908d&type=Comment [32m200 [0m21.427 ms - 57[0m
[0mGET /comments/delete/5e2a0c3d8250c04774f4908d [36m302 [0m11.620 ms - 88[0m
[0mGET / [32m200 [0m17.746 ms - 6615[0m
[0mGET /users/profile/5e29f803c6d0fc44bc55d0eb [36m304 [0m12.920 ms - -[0m
[0mGET /users/profile/css/layout.css [33m404 [0m7.208 ms - 167[0m
[0mGET /users/profile/css/user_profile.css [33m404 [0m6.901 ms - 173[0m
[0mGET /users/profile/5e29f803c6d0fc44bc55d0eb [32m200 [0m9.590 ms - 3915[0m
[0mGET /users/profile/css/layout.css [33m404 [0m8.944 ms - 167[0m
[0mGET /users/profile/css/user_profile.css [33m404 [0m7.935 ms - 173[0m
[0mGET /users/profile/5e29f803c6d0fc44bc55d0eb [32m200 [0m19.705 ms - 3915[0m
[0mGET /users/profile/css/layout.css [33m404 [0m8.630 ms - 167[0m
[0mGET /users/profile/css/user_profile.css [33m404 [0m8.354 ms - 173[0m
[0mGET /users/profile/5e29f803c6d0fc44bc55d0eb [32m200 [0m20.592 ms - 3931[0m
[0mGET /users/profile/css/layout.css [33m404 [0m9.315 ms - 167[0m
[0mGET /users/profile/css/user_profile.css [33m404 [0m9.300 ms - 173[0m
[0mGET /users/profile/5e29f803c6d0fc44bc55d0eb [36m304 [0m8.096 ms - -[0m
[0mGET /users/profile/css/layout.css [33m404 [0m4.899 ms - 167[0m
[0mGET /users/profile/css/user_profile.css [33m404 [0m4.887 ms - 173[0m
[0mGET /users/profile/5e29f803c6d0fc44bc55d0eb [36m304 [0m5.841 ms - -[0m
[0mGET /users/profile/css/layout.css [33m404 [0m4.946 ms - 167[0m
[0mGET /users/profile/css/user_profile.css [33m404 [0m5.205 ms - 173[0m
[0mGET /users/profile/5e29f803c6d0fc44bc55d0eb [36m304 [0m10.346 ms - -[0m
[0mGET /users/profile/css/layout.css [33m404 [0m6.152 ms - 167[0m
[0mGET /users/profile/css/user_profile.css [33m404 [0m6.763 ms - 173[0m
[0mGET /users/profile/5e29f803c6d0fc44bc55d0eb [36m304 [0m15.554 ms - -[0m
[0mGET /users/profile/css/layout.css [33m404 [0m9.410 ms - 167[0m
[0mGET /users/profile/css/user_profile.css [33m404 [0m9.387 ms - 173[0m
[0mGET /users/profile/5e29f803c6d0fc44bc55d0eb [32m200 [0m16.865 ms - 3939[0m
[0mGET /users/profile/css/layout.css [33m404 [0m6.866 ms - 167[0m
[0mGET /users/profile/css/user_profile.css [33m404 [0m8.741 ms - 173[0m
[0mGET / [32m200 [0m27.443 ms - 6478[0m
[0mGET /users/profile/5e29f803c6d0fc44bc55d0eb [36m304 [0m8.547 ms - -[0m
[0mGET /users/profile/css/layout.css [33m404 [0m5.405 ms - 167[0m
[0mGET /users/profile/css/user_profile.css [33m404 [0m3.969 ms - 173[0m
[0mGET /users/profile/5e29f803c6d0fc44bc55d0eb [32m200 [0m16.180 ms - 3955[0m
[0mGET /users/profile/css/layout.css [33m404 [0m12.226 ms - 167[0m
[0mGET /users/profile/css/user_profile.css [33m404 [0m11.537 ms - 173[0m
[0mGET /users/profile/5e29f803c6d0fc44bc55d0eb [32m200 [0m9.090 ms - 3975[0m
[0mGET /users/profile/css/layout.css [33m404 [0m6.696 ms - 167[0m
[0mGET /users/profile/css/user_profile.css [33m404 [0m7.389 ms - 173[0m
[0mGET /users/profile/5e29f803c6d0fc44bc55d0eb [32m200 [0m10.889 ms - 3970[0m
[0mGET /users/profile/css/layout.css [33m404 [0m7.992 ms - 167[0m
[0mGET /users/profile/css/user_profile.css [33m404 [0m9.383 ms - 173[0m
[0mGET /users/profile/css/layout.css [33m404 [0m5.921 ms - 167[0m
[0mGET /users/profile/css/user_profile.css [33m404 [0m5.182 ms - 173[0m
[0mGET /users/profile/5e29f803c6d0fc44bc55d0eb [32m200 [0m10.486 ms - 3974[0m
[0mGET /users/profile/css/layout.css [33m404 [0m6.387 ms - 167[0m
[0mGET /users/profile/css/user_profile.css [33m404 [0m6.690 ms - 173[0m
[0mGET /users/profile/css/layout.css [33m404 [0m6.251 ms - 167[0m
[0mGET /users/profile/css/user_profile.css [33m404 [0m7.845 ms - 173[0m
[0mGET / [36m304 [0m21.938 ms - -[0m
[0mGET /users/profile/5e29f803c6d0fc44bc55d0eb [32m200 [0m12.369 ms - 3973[0m
[0mGET /users/profile/css/layout.css [33m404 [0m7.098 ms - 167[0m
[0mGET /users/profile/css/user_profile.css [33m404 [0m7.592 ms - 173[0m
[0mGET /users/profile/css/layout.css [33m404 [0m2.376 ms - 167[0m
[0mGET /users/profile/css/user_profile.css [33m404 [0m2.589 ms - 173[0m
[0mGET /users/profile/5e29f803c6d0fc44bc55d0eb [32m200 [0m11.343 ms - 3974[0m
[0mGET /users/profile/css/layout.css [33m404 [0m9.532 ms - 167[0m
[0mGET /users/profile/css/user_profile.css [33m404 [0m11.665 ms - 173[0m
[0mGET /users/profile/css/layout.css [33m404 [0m4.678 ms - 167[0m
[0mGET /users/profile/css/user_profile.css [33m404 [0m5.493 ms - 173[0m
[0mGET / [36m304 [0m17.591 ms - -[0m
[0mPOST /comments/create [36m302 [0m21.003 ms - 46[0m
[0mGET / [32m200 [0m13.734 ms - 7131[0m
[0mPOST /posts/create [32m200 [0m8.207 ms - 285[0m
[0mPOST /comments/create [36m302 [0m20.466 ms - 46[0m
[0mGET / [32m200 [0m16.333 ms - 9377[0m
[0mGET /users/sign-out [36m302 [0m6.474 ms - 46[0m
[0mGET / [32m200 [0m15.811 ms - 6808[0m
[0mGET /users/sign-up [32m200 [0m6.370 ms - 3910[0m
[0mGET /users/css/layout.css [33m404 [0m2.810 ms - 159[0m
[0mGET /users/css/layout.css [33m404 [0m1.958 ms - 159[0m
[0mGET /users/sign-in [36m304 [0m14.450 ms - -[0m
[0mGET /users/css/layout.css [33m404 [0m3.243 ms - 159[0m
[0mGET /users/css/layout.css [33m404 [0m1.684 ms - 159[0m
[0mPOST /users/create-session [36m302 [0m11.097 ms - 46[0m
[0mGET / [32m200 [0m17.382 ms - 9371[0m
[0mGET / [32m200 [0m10.137 ms - 6665[0m
[0mGET / [32m200 [0m9.842 ms - 6665[0m
[0mGET /users/profile/5e29f803c6d0fc44bc55d0eb [36m304 [0m17.877 ms - -[0m
[0mGET /users/profile/css/layout.css [33m404 [0m4.382 ms - 167[0m
[0mGET /users/profile/css/user_profile.css [33m404 [0m4.660 ms - 173[0m
[0mGET /users/profile/css/layout.css [33m404 [0m3.573 ms - 167[0m
[0mGET /users/profile/css/user_profile.css [33m404 [0m3.873 ms - 173[0m
[0mGET / [32m200 [0m26.259 ms - 9225[0m
[0mGET /users/profile/5e29f803c6d0fc44bc55d0eb [36m304 [0m10.461 ms - -[0m
[0mGET /users/profile/css/layout.css [33m404 [0m7.389 ms - 167[0m
[0mGET /users/profile/css/user_profile.css [33m404 [0m6.412 ms - 173[0m
[0mGET / [32m200 [0m28.615 ms - 9225[0m
[0mGET / [32m200 [0m33.885 ms - 9225[0m
[0mGET / [32m200 [0m26.768 ms - 9225[0m
[0mGET /users/sign-out [36m302 [0m14.943 ms - 46[0m
[0mGET / [32m200 [0m14.356 ms - 6808[0m
[0mGET / [32m200 [0m19.955 ms - 6665[0m
[0mGET /users/sign-up [36m304 [0m15.060 ms - -[0m
[0mGET /users/css/layout.css [33m404 [0m2.011 ms - 159[0m
[0mGET /users/sign-in [36m304 [0m7.412 ms - -[0m
[0mGET /users/css/layout.css [33m404 [0m1.623 ms - 159[0m
[0mPOST /users/create-session [36m302 [0m12.468 ms - 46[0m
[0mGET / [32m200 [0m14.399 ms - 9371[0m
[0mGET / [0m- [0m- ms - -[0m
[0mGET /users/sign-out [0m- [0m- ms - -[0m
[0mGET /users/sign-out [0m- [0m- ms - -[0m
[0mGET /users/sign-out [0m- [0m- ms - -[0m
[0mGET /users/sign-out [0m- [0m- ms - -[0m
[0mGET /users/sign-out [0m- [0m- ms - -[0m
[0mGET /users/sign-out [0m- [0m- ms - -[0m
[0mGET / [0m- [0m- ms - -[0m
[0mGET / [0m- [0m- ms - -[0m
[0mGET / [0m- [0m- ms - -[0m
[0mGET / [0m- [0m- ms - -[0m
[0mGET / [32m200 [0m2132.277 ms - 6817[0m
[0mGET /users/sign-in [36m304 [0m11.259 ms - -[0m
[0mGET /users/css/layout.css [33m404 [0m4.214 ms - 159[0m
[0mGET /users/sign-in [36m304 [0m9.442 ms - -[0m
[0mGET /users/css/layout.css [33m404 [0m3.832 ms - 159[0m
[0mGET / [32m200 [0m31.220 ms - 6674[0m
[0mGET /users/sign-in [36m304 [0m6.339 ms - -[0m
[0mGET /users/css/layout.css [33m404 [0m2.635 ms - 159[0m
[0mPOST /users/create-session [36m302 [0m60.899 ms - 46[0m
[0mGET / [32m200 [0m59.340 ms - 9380[0m
[0mGET / [32m200 [0m27.442 ms - 9365[0m
[0mGET /comments/delete/5e2a0f5a8250c04774f49094 [36m302 [0m28.845 ms - 88[0m
[0mGET / [32m200 [0m15.361 ms - 8974[0m
[0mPOST /comments/create [36m302 [0m29.276 ms - 46[0m
[0mGET / [32m200 [0m24.717 ms - 9518[0m
[0mPOST /likes/toggle/?id=5e2a17ab62f6a63744111453&type=Comment [32m200 [0m20.063 ms - 57[0m
[0mPOST /likes/toggle/?id=5e2a17ab62f6a63744111453&type=Comment [32m200 [0m17.162 ms - 56[0m
[0mGET /comments/delete/5e2a17ab62f6a63744111453 [36m302 [0m713.704 ms - 88[0m
[0mGET / [32m200 [0m21.823 ms - 8974[0m
[0mGET / [32m200 [0m35.512 ms - 8891[0m
[0mGET / [32m200 [0m26.626 ms - 8861[0m
[0mGET / [32m200 [0m30.034 ms - 8891[0m
[0mGET / [32m200 [0m36.018 ms - 8895[0m
[0mGET / [36m304 [0m23.451 ms - -[0m
[0mGET /users/sign-out [36m302 [0m8.282 ms - 46[0m
[0mGET / [32m200 [0m14.933 ms - 6612[0m
[0mGET / [32m200 [0m26.457 ms - 6465[0m
[0mGET / [32m200 [0m32.037 ms - 6557[0m
[0mGET /users/sign-in [32m200 [0m6.863 ms - 3674[0m
[0mGET /users/css/layout.css [33m404 [0m3.638 ms - 159[0m
[0mGET /users/css/layout.css [33m404 [0m1.795 ms - 159[0m
[0mPOST /users/create-session [36m302 [0m9.089 ms - 46[0m
[0mGET / [32m200 [0m15.953 ms - 9129[0m
[0mGET / [32m200 [0m25.562 ms - 8971[0m
[0mGET / [32m200 [0m30.119 ms - 8977[0m
[0mGET / [32m200 [0m28.533 ms - 8959[0m
[0mGET / [32m200 [0m46.609 ms - 8959[0m
[0mGET /users/sign-out [36m302 [0m19.455 ms - 46[0m
[0mGET / [32m200 [0m15.041 ms - 6676[0m
[0mGET / [32m200 [0m23.618 ms - 6571[0m
[0mGET / [32m200 [0m27.865 ms - 6559[0m
[0mGET / [36m304 [0m19.530 ms - -[0m
[0mGET /users/sign-in [36m304 [0m8.896 ms - -[0m
[0mGET /users/css/layout.css [33m404 [0m1.883 ms - 159[0m
[0mGET /users/css/layout.css [33m404 [0m2.335 ms - 159[0m
[0mPOST /users/create-session [36m302 [0m7.110 ms - 46[0m
[0mGET / [32m200 [0m14.180 ms - 9131[0m
[0mGET / [32m200 [0m28.750 ms - 9079[0m
[0mGET /users/sign-out [36m302 [0m7.260 ms - 46[0m
[0mGET / [32m200 [0m21.077 ms - 6796[0m
[0mGET / [32m200 [0m16.440 ms - 6655[0m
[0mGET / [32m200 [0m35.325 ms - 6667[0m
[0mGET /users/sign-in [36m304 [0m8.924 ms - -[0m
[0mGET /users/css/layout.css [33m404 [0m3.081 ms - 159[0m
[0mGET /users/css/layout.css [33m404 [0m1.439 ms - 159[0m
[0mPOST /users/create-session [36m302 [0m10.013 ms - 46[0m
[0mGET / [32m200 [0m26.716 ms - 9239[0m
[0mGET /users/profile/5e29f803c6d0fc44bc55d0eb [32m200 [0m35.501 ms - 4064[0m
[0mGET /users/profile/css/layout.css [33m404 [0m5.745 ms - 167[0m
[0mGET /users/profile/css/user_profile.css [33m404 [0m5.201 ms - 173[0m
[0mGET /users/profile/css/layout.css [33m404 [0m6.352 ms - 167[0m
[0mGET /users/profile/css/user_profile.css [33m404 [0m7.341 ms - 173[0m
[0mGET / [32m200 [0m17.228 ms - 9093[0m
[0mPOST /comments/create [36m302 [0m24.216 ms - 46[0m
[0mGET / [32m200 [0m16.889 ms - 9773[0m
[0mGET / [32m200 [0m30.138 ms - 9699[0m
[0mGET / [36m304 [0m31.669 ms - -[0m
[0mGET / [32m200 [0m30.651 ms - 9697[0m
[0mGET / [36m304 [0m19.506 ms - -[0m
[0mGET / [36m304 [0m16.415 ms - -[0m
[0mGET /users/sign-out [36m302 [0m7.425 ms - 46[0m
[0mGET / [32m200 [0m14.173 ms - 7176[0m
[0mGET / [32m200 [0m30.575 ms - 7069[0m
[0mGET /users/sign-in [32m200 [0m9.972 ms - 3710[0m
[0mGET /users/css/layout.css [33m404 [0m2.654 ms - 159[0m
[0mPOST /users/create-session [36m302 [0m7.656 ms - 46[0m
[0mGET / [32m200 [0m17.132 ms - 9879[0m
[0mGET / [32m200 [0m20.071 ms - 9669[0m
[0mGET /users/sign-out [36m302 [0m12.945 ms - 46[0m
[0mGET / [32m200 [0m13.783 ms - 7148[0m
[0mGET / [32m200 [0m32.508 ms - 7003[0m
[0mGET / [32m200 [0m28.023 ms - 7005[0m
[0mGET / [36m304 [0m25.527 ms - -[0m
[0mGET / [36m304 [0m29.409 ms - -[0m
[0mGET / [36m304 [0m17.384 ms - -[0m
[0mGET / [36m304 [0m21.330 ms - -[0m
[0mGET / [32m200 [0m34.466 ms - 7043[0m
[0mGET / [32m200 [0m24.781 ms - 7047[0m
[0mGET / [32m200 [0m16.792 ms - 7060[0m
[0mGET / [32m200 [0m21.911 ms - 7051[0m
[0mGET / [32m200 [0m16.734 ms - 7079[0m
[0mGET / [32m200 [0m33.014 ms - 7099[0m
[0mGET / [32m200 [0m18.010 ms - 7079[0m
[0mGET / [32m200 [0m15.206 ms - 7101[0m
[0mGET / [36m304 [0m17.557 ms - -[0m
[0mGET / [36m304 [0m13.984 ms - -[0m
[0mGET / [36m304 [0m13.364 ms - -[0m
[0mGET / [36m304 [0m23.749 ms - -[0m
[0mGET /users/sign-up [32m200 [0m7.994 ms - 4066[0m
[0mGET /users/css/layout.css [33m404 [0m1.866 ms - 159[0m
[0mGET /users/sign-in [32m200 [0m6.894 ms - 3740[0m
[0mGET /users/css/layout.css [33m404 [0m1.692 ms - 159[0m
[0mGET / [36m304 [0m25.697 ms - -[0m
[0mGET /users/profile/5e29f803c6d0fc44bc55d0eb [36m302 [0m6.226 ms - 72[0m
[0mGET /users/sign-in [36m304 [0m3.736 ms - -[0m
[0mGET /users/css/layout.css [33m404 [0m2.123 ms - 159[0m
[0mPOST /users/create-session [36m302 [0m9.515 ms - 46[0m
[0mGET / [32m200 [0m24.803 ms - 9911[0m
[0mGET /users/profile/5e29f803c6d0fc44bc55d0eb [32m200 [0m14.083 ms - 4130[0m
[0mGET /users/profile/css/layout.css [33m404 [0m7.174 ms - 167[0m
[0mGET /users/profile/css/user_profile.css [33m404 [0m6.114 ms - 173[0m
[0mGET / [32m200 [0m26.547 ms - 9765[0m
[0mPOST /posts/create [32m200 [0m13.008 ms - 285[0m
[0mGET /users/sign-out [36m302 [0m12.237 ms - 46[0m
[0mGET / [32m200 [0m17.459 ms - 8423[0m
[0mGET /users/profile/5e29f803c6d0fc44bc55d0eb [36m302 [0m7.366 ms - 72[0m
[0mGET /users/sign-in [36m304 [0m6.446 ms - -[0m
[0mGET /users/css/layout.css [33m404 [0m1.806 ms - 159[0m
[0mPOST /users/create-session [36m302 [0m14.942 ms - 46[0m
[0mGET / [32m200 [0m17.814 ms - 8427[0m
[0mGET /users/profile/5e29f803c6d0fc44bc55d0eb [36m302 [0m8.411 ms - 72[0m
[0mGET /users/sign-in [36m304 [0m8.337 ms - -[0m
[0mGET /users/css/layout.css [33m404 [0m2.031 ms - 159[0m
[0mGET /users/sign-up [36m304 [0m14.712 ms - -[0m
[0mGET /users/css/layout.css [33m404 [0m1.920 ms - 159[0m
[0mPOST /users/create [36m302 [0m12.307 ms - 72[0m
[0mGET /users/sign-in [36m304 [0m6.800 ms - -[0m
[0mGET /users/css/layout.css [33m404 [0m2.592 ms - 159[0m
[0mPOST /users/create-session [36m302 [0m17.214 ms - 46[0m
[0mGET / [32m200 [0m21.507 ms - 11150[0m
[0mGET /users/profile/5e29f803c6d0fc44bc55d0eb [32m200 [0m21.540 ms - 3470[0m
[0mGET /users/profile/css/layout.css [33m404 [0m6.698 ms - 167[0m
[0mGET /users/profile/css/user_profile.css [33m404 [0m7.010 ms - 173[0m
[0mGET /users/profile/5e2a1f5562f6a6374411145b [32m200 [0m13.981 ms - 4083[0m
[0mGET /users/profile/css/layout.css [33m404 [0m4.425 ms - 167[0m
[0mGET /users/profile/css/user_profile.css [33m404 [0m4.939 ms - 173[0m
[0mGET / [32m200 [0m31.251 ms - 11004[0m
[0mGET / [36m304 [0m20.248 ms - -[0m
[0mGET / [36m304 [0m2124.845 ms - -[0m
[0mGET / [36m304 [0m34.988 ms - -[0m
[0mGET /users/sign-out [36m302 [0m10.426 ms - 46[0m
[0mGET / [32m200 [0m20.344 ms - 8544[0m
[0mGET /users/sign-in [36m304 [0m9.204 ms - -[0m
[0mGET /users/css/layout.css [33m404 [0m5.958 ms - 159[0m
[0mGET /users/css/layout.css [33m404 [0m1.922 ms - 159[0m
[0mPOST /users/create-session [36m302 [0m4.845 ms - 46[0m
[0mGET / [32m200 [0m20.468 ms - 11940[0m
[0mGET /posts/delete/5e2a1ecb62f6a6374411145a [36m302 [0m23.546 ms - 88[0m
[0mGET / [32m200 [0m16.957 ms - 10054[0m
[0mGET /comments/delete/5e2a0ebd8250c04774f49091 [36m302 [0m144.124 ms - 88[0m
[0mGET / [32m200 [0m35.582 ms - 9497[0m
[0mGET /posts/delete/5e2a0c398250c04774f4908c [36m302 [0m19.448 ms - 88[0m
[0mGET / [32m200 [0m16.039 ms - 7628[0m
[0mGET /users/profile/5e2a1f5562f6a6374411145b [32m200 [0m17.312 ms - 3509[0m
[0mGET /users/profile/css/layout.css [33m404 [0m8.734 ms - 167[0m
[0mGET /users/profile/css/user_profile.css [33m404 [0m5.363 ms - 173[0m
[0mGET /users/profile/5e29f803c6d0fc44bc55d0eb [32m200 [0m19.931 ms - 4130[0m
[0mGET /users/profile/css/layout.css [33m404 [0m7.111 ms - 167[0m
[0mGET /users/profile/css/user_profile.css [33m404 [0m9.560 ms - 173[0m
[0mGET /users/sign-out [36m302 [0m8.579 ms - 46[0m
[0mGET / [32m200 [0m17.761 ms - 5906[0m
[0mGET / [32m200 [0m15.682 ms - 5814[0m
[0mGET /users/sign-in [32m200 [0m7.381 ms - 3791[0m
[0mGET /users/css/layout.css [33m404 [0m3.336 ms - 159[0m
[0mGET /users/css/layout.css [33m404 [0m1.887 ms - 159[0m
[0mPOST /users/create-session [36m302 [0m8.052 ms - 46[0m
[0mGET / [32m200 [0m19.477 ms - 7657[0m
[0mPOST /posts/create [32m200 [0m20.634 ms - 279[0m
[0mGET / [32m200 [0m22.591 ms - 9413[0m
[0mPOST /comments/create [36m302 [0m28.188 ms - 46[0m
[0mGET / [32m200 [0m17.860 ms - 10091[0m
[0mGET / [32m200 [0m23.571 ms - 9978[0m
[0mGET / [32m200 [0m26.578 ms - 9884[0m
[0mGET / [36m304 [0m21.921 ms - -[0m
[0mGET / [36m304 [0m2101.201 ms - -[0m
[0mGET / [32m200 [0m38.568 ms - 9978[0m
[0mGET /posts/delete/5e2a20f05a776b3504ed36a2 [36m302 [0m31.256 ms - 88[0m
[0mGET / [32m200 [0m14.874 ms - 7718[0m
[0mGET / [32m200 [0m22.748 ms - 7550[0m
[0mPOST /likes/toggle/?id=5e2a1bb962f6a63744111458&type=Comment [32m200 [0m23.200 ms - 57[0m
[0mPOST /likes/toggle/?id=5e2a1bb962f6a63744111458&type=Comment [32m200 [0m10.330 ms - 56[0m
[0mGET /users/sign-out [36m302 [0m14.613 ms - 46[0m
[0mGET / [32m200 [0m14.223 ms - 5996[0m
[0mGET / [32m200 [0m2079.435 ms - 5987[0m
[0mGET /users/sign-in [32m200 [0m8.735 ms - 3964[0m
[0mGET /users/css/layout.css [33m404 [0m8.191 ms - 159[0m
[0mGET /users/css/layout.css [33m404 [0m1.962 ms - 159[0m
[0mPOST /users/create-session [36m302 [0m18.161 ms - 46[0m
[0mGET / [32m200 [0m27.778 ms - 7830[0m
[0mGET / [32m200 [0m2229.736 ms - 5987[0m
[0mGET / [32m200 [0m28.761 ms - 5987[0m
[0mGET / [32m200 [0m34.062 ms - 4276[0m
[0mGET /users/sign-in [36m304 [0m11.264 ms - -[0m
[0mGET /users/css/layout.css [33m404 [0m6.616 ms - 159[0m
[0mGET /users/css/layout.css [33m404 [0m1.758 ms - 159[0m
[0mGET /users/sign-up [32m200 [0m7.358 ms - 4290[0m
[0mGET /users/css/layout.css [33m404 [0m2.004 ms - 159[0m
[0mGET /users/css/layout.css [33m404 [0m1.583 ms - 159[0m
[0mPOST /users/create [36m302 [0m25.515 ms - 72[0m
[0mGET /users/sign-in [36m304 [0m4033.965 ms - -[0m
[0mGET /users/css/layout.css [33m404 [0m3.236 ms - 159[0m
[0mGET /users/css/layout.css [33m404 [0m1.671 ms - 159[0m
[0mGET /users/sign-up [36m304 [0m8.047 ms - -[0m
[0mGET /users/css/layout.css [33m404 [0m1.858 ms - 159[0m
[0mPOST /users/create [36m302 [0m12.907 ms - 72[0m
[0mGET /users/sign-in [36m304 [0m5.165 ms - -[0m
[0mGET /users/css/layout.css [33m404 [0m2.978 ms - 159[0m
[0mGET /users/sign-up [36m304 [0m8.408 ms - -[0m
[0mGET /users/css/layout.css [33m404 [0m3.112 ms - 159[0m
[0mPOST /users/create [36m302 [0m10.616 ms - 72[0m
[0mGET /users/sign-in [36m304 [0m4.749 ms - -[0m
[0mGET /users/css/layout.css [33m404 [0m3.021 ms - 159[0m
[0mGET /users/sign-up [36m304 [0m8.604 ms - -[0m
[0mGET /users/css/layout.css [33m404 [0m2.439 ms - 159[0m
[0mPOST /users/create [36m302 [0m13.563 ms - 72[0m
[0mGET /users/sign-in [36m304 [0m4.109 ms - -[0m
[0mGET /users/css/layout.css [33m404 [0m3.219 ms - 159[0m
[0mPOST /users/create-session [36m302 [0m11.892 ms - 46[0m
[0mGET / [32m200 [0m15.882 ms - 5638[0m
[0mGET / [32m200 [0m9.199 ms - 4762[0m
[0mGET /users/sign-in [32m200 [0m6.693 ms - 3964[0m
[0mGET /users/css/layout.css [33m404 [0m2.560 ms - 159[0m
[0mPOST /users/create-session [36m302 [0m7.199 ms - 46[0m
[0mGET / [32m200 [0m15.885 ms - 5634[0m
[0mGET / [32m200 [0m16.185 ms - 5488[0m
[0mGET / [36m304 [0m16.337 ms - -[0m
[0mGET / [36m304 [0m14.783 ms - -[0m
[0mGET / [36m304 [0m15.841 ms - -[0m
[0mGET / [36m304 [0m17.282 ms - -[0m
[0mGET /users/sign-out [36m302 [0m5.851 ms - 46[0m
[0mGET / [32m200 [0m11.434 ms - 4905[0m
[0mGET /users/sign-in [36m304 [0m7.652 ms - -[0m
[0mGET /users/css/layout.css [33m404 [0m3.686 ms - 159[0m
[0mPOST /users/create-session [36m302 [0m7.106 ms - 46[0m
[0mGET / [32m200 [0m14.503 ms - 5634[0m
[0mGET /users/profile/5e2a740213be9b2c706a92c2 [32m200 [0m16.118 ms - 4311[0m
[0mGET /users/profile/css/layout.css [33m404 [0m5.608 ms - 167[0m
[0mGET /users/profile/css/user_profile.css [33m404 [0m6.403 ms - 173[0m
[0mGET / [32m200 [0m21.222 ms - 5492[0m
[0mPOST /posts/create [32m200 [0m233.433 ms - 379[0m
[0mGET / [32m200 [0m19.443 ms - 7496[0m
[0mPOST /comments/create [36m302 [0m335.281 ms - 46[0m
[0mGET / [32m200 [0m18.506 ms - 8196[0m
[0mGET / [32m200 [0m15.260 ms - 8044[0m
[0mPOST /likes/toggle/?id=5e2a76db13be9b2c706a92c6&type=Post [32m200 [0m273.389 ms - 57[0m
[0mPOST /comments/create [36m302 [0m17.018 ms - 46[0m
[0mGET / [32m200 [0m16.727 ms - 8730[0m
[0mPOST /likes/toggle/?id=5e2a776413be9b2c706a92c7&type=Comment [32m200 [0m22.365 ms - 57[0m
[0mGET / [32m200 [0m28.316 ms - 8578[0m
[0mGET / [0m- [0m- ms - -[0m
[0mGET / [32m200 [0m6126.767 ms - 8578[0m
[0mPOST /comments/create [36m302 [0m32.111 ms - 46[0m
[0mGET / [32m200 [0m21.515 ms - 9278[0m
[0mPOST /comments/create [36m302 [0m17.906 ms - 46[0m
[0mGET / [32m200 [0m23.665 ms - 9833[0m
[0mGET /users/profile/5e2a740213be9b2c706a92c2 [36m304 [0m14.789 ms - -[0m
[0mGET /users/profile/css/layout.css [33m404 [0m7.154 ms - 167[0m
[0mGET /users/profile/css/user_profile.css [33m404 [0m9.381 ms - 173[0m
[0mGET / [32m200 [0m31.361 ms - 9681[0m
[0mGET /users/sign-out [36m302 [0m9.119 ms - 46[0m
[0mGET / [32m200 [0m20.408 ms - 7413[0m
[0mGET /users/profile/5e2a741d13be9b2c706a92c3 [36m302 [0m4.212 ms - 72[0m
[0mGET /users/sign-in [36m304 [0m5.628 ms - -[0m
[0mGET /users/css/layout.css [33m404 [0m2.928 ms - 159[0m
[0mPOST /users/create-session [36m302 [0m11.661 ms - 46[0m
[0mGET / [32m200 [0m23.505 ms - 9211[0m
[0mPOST /likes/toggle/?id=5e2a778413be9b2c706a92cb&type=Comment [32m200 [0m36.772 ms - 57[0m
[0mPOST /likes/toggle/?id=5e2a76db13be9b2c706a92c6&type=Post [32m200 [0m15.880 ms - 57[0m
[0mPOST /posts/create [32m200 [0m19.555 ms - 552[0m
[0mGET / [32m200 [0m33.901 ms - 11254[0m
[0mPOST /likes/toggle/?id=5e2a7a0d31a0e128dc88045e&type=Post [32m200 [0m17.892 ms - 57[0m
[0mPOST /comments/create [36m302 [0m16.183 ms - 46[0m
[0mGET / [32m200 [0m28.262 ms - 11970[0m
[0mPOST /comments/create [36m302 [0m16.794 ms - 46[0m
[0mGET / [32m200 [0m137.586 ms - 12535[0m
[0mPOST /likes/toggle/?id=5e2a784331a0e128dc880458&type=Comment [32m200 [0m6.947 ms - 57[0m
[0mPOST /likes/toggle/?id=5e2a776413be9b2c706a92c7&type=Comment [32m200 [0m24.843 ms - 57[0m
[0mPOST /likes/toggle/?id=5e2a786c31a0e128dc880459&type=Comment [32m200 [0m24.848 ms - 57[0m
[0mGET / [32m200 [0m34.823 ms - 12383[0m
[0mGET /comments/delete/5e2a7a8331a0e128dc880463 [36m302 [0m23.232 ms - 88[0m
[0mGET / [32m200 [0m29.522 ms - 11955[0m
[0mPOST /comments/create [36m302 [0m18.674 ms - 46[0m
[0mGET / [32m200 [0m23.289 ms - 12535[0m
[0mPOST /likes/toggle/?id=5e2a7a4731a0e128dc880461&type=Comment [32m200 [0m13.391 ms - 57[0m
[0mPOST /likes/toggle/?id=5e2a7a0d31a0e128dc88045e&type=Post [32m200 [0m12.632 ms - 56[0m
[0mPOST /likes/toggle/?id=5e2a7a0d31a0e128dc88045e&type=Post [32m200 [0m26.489 ms - 57[0m
[0mGET /users/sign-out [36m302 [0m8.317 ms - 46[0m
[0mGET / [32m200 [0m22.242 ms - 9526[0m
[0mGET /users/sign-in [36m304 [0m9.569 ms - -[0m
[0mGET /users/css/layout.css [33m404 [0m1.874 ms - 159[0m
[0mPOST /users/create-session [36m302 [0m6.881 ms - 46[0m
[0mGET / [32m200 [0m27.577 ms - 12128[0m
[0mGET / [32m200 [0m34.666 ms - 9383[0m
[0mGET /users/sign-in [32m200 [0m7.598 ms - 3964[0m
[0mGET /users/css/layout.css [33m404 [0m2.238 ms - 159[0m
[0mPOST /users/create-session [36m302 [0m5.423 ms - 46[0m
[0mGET / [32m200 [0m32.584 ms - 12743[0m
[0mGET / [32m200 [0m30.635 ms - 11982[0m
[0mGET / [36m304 [0m27.983 ms - -[0m
[0mGET / [32m200 [0m27.248 ms - 12597[0m
[0mGET /users/sign-out [36m302 [0m4.968 ms - 46[0m
[0mGET / [32m200 [0m26.890 ms - 9526[0m
[0mGET /users/sign-in [36m304 [0m6.808 ms - -[0m
[0mGET /users/css/layout.css [33m404 [0m1.871 ms - 159[0m
[0mPOST /users/create-session [36m302 [0m11.320 ms - 46[0m
[0mGET / [32m200 [0m26.900 ms - 12130[0m
[0mPOST /likes/toggle/?id=5e2a7a0d31a0e128dc88045e&type=Post [32m200 [0m19.016 ms - 57[0m
[0mPOST /likes/toggle/?id=5e2a76db13be9b2c706a92c6&type=Post [32m200 [0m16.023 ms - 57[0m
[0mGET / [32m200 [0m29.693 ms - 11984[0m
[0mPOST /likes/toggle/?id=5e2a76db13be9b2c706a92c6&type=Post [32m200 [0m17.085 ms - 57[0m
[0mGET / [32m200 [0m17.322 ms - 9383[0m
[0mGET / [32m200 [0m17.038 ms - 9383[0m
[0mGET / [32m200 [0m33.541 ms - 11993[0m
[0mGET /users/sign-out [36m302 [0m6.422 ms - 46[0m
[0mGET / [32m200 [0m27.956 ms - 9537[0m
[0mGET /users/sign-in [32m200 [0m9.525 ms - 3975[0m
[0mGET /users/css/layout.css [33m404 [0m2.581 ms - 159[0m
[0mGET /users/css/layout.css [33m404 [0m1.547 ms - 159[0m
[0mPOST /users/create-session [36m302 [0m7.390 ms - 46[0m
[0mGET / [32m200 [0m26.289 ms - 12754[0m
[0mGET /users/profile/5e2a740213be9b2c706a92c2 [32m200 [0m13.198 ms - 4322[0m
[0mGET /users/profile/css/layout.css [33m404 [0m4.488 ms - 167[0m
[0mGET /users/profile/css/user_profile.css [33m404 [0m6.605 ms - 173[0m
[0mGET /users/profile/css/layout.css [33m404 [0m5.273 ms - 167[0m
[0mGET /users/profile/css/user_profile.css [33m404 [0m5.898 ms - 173[0m
[0mGET / [32m200 [0m29.194 ms - 12608[0m
[0mGET /users/sign-out [36m302 [0m6.380 ms - 46[0m
[0mGET / [32m200 [0m23.087 ms - 9537[0m
[0mGET /users/sign-in [36m304 [0m7.679 ms - -[0m
[0mGET /users/css/layout.css [33m404 [0m2.185 ms - 159[0m
[0mPOST /users/create-session [36m302 [0m10.147 ms - 46[0m
[0mGET / [32m200 [0m23.550 ms - 12141[0m
[0mGET / [32m200 [0m25.452 ms - 11995[0m
[0mGET /users/sign-out [36m302 [0m6.845 ms - 46[0m
[0mGET / [32m200 [0m24.407 ms - 9537[0m
[0mGET /users/sign-in [36m304 [0m7.509 ms - -[0m
[0mGET /users/css/layout.css [33m404 [0m2.117 ms - 159[0m
[0mPOST /users/create-session [36m302 [0m10.930 ms - 46[0m
[0mGET / [32m200 [0m19.627 ms - 9541[0m
[0mGET /users/sign-in [36m304 [0m7.043 ms - -[0m
[0mGET /users/css/layout.css [33m404 [0m2.664 ms - 159[0m
[0mPOST /users/create-session [36m302 [0m6.060 ms - 46[0m
[0mGET / [32m200 [0m23.141 ms - 12139[0m
[0mGET / [32m200 [0m2045.111 ms - 9394[0m
[0mGET /users/sign-in [32m200 [0m6.546 ms - 3975[0m
[0mGET /users/css/layout.css [33m404 [0m1.828 ms - 159[0m
[0mPOST /users/create-session [36m302 [0m9.426 ms - 46[0m
[0mGET / [32m200 [0m24.593 ms - 12139[0m
[0mGET / [32m200 [0m14.476 ms - 9394[0m
[0mGET / [32m200 [0m19.238 ms - 9394[0m
